<?xml version="1.0" encoding="UTF-8"?>
<testsuite name="BudgetManagerTest" tests="1" skipped="0" failures="0" errors="0" timestamp="2025-01-12T21:04:19" hostname="DESKTOP-3O8HO5H" time="0.177">
  <properties/>
  <testcase name="start" classname="BudgetManagerTest" time="0.177"/>
  <system-out><![CDATA[?[1;31m
Start test 1?[0m
Choose your action:
1) Add income
2) Add purchase
3) Show list of purchases
4) Balance
5) Save
6) Load
7) Analyze (Sort)
0) Exit

> 0
Bye!
?[1;31m
Start test 2?[0m
Choose your action:
1) Add income
2) Add purchase
3) Show list of purchases
4) Balance
5) Save
6) Load
7) Analyze (Sort)
0) Exit

> 0
Bye!
?[1;31m
Start test 3?[0m
Choose your action:
1) Add income
2) Add purchase
3) Show list of purchases
4) Balance
5) Save
6) Load
7) Analyze (Sort)
0) Exit

> 4
Balance: $0.00

Choose your action:
1) Add income
2) Add purchase
3) Show list of purchases
4) Balance
5) Save
6) Load
7) Analyze (Sort)
0) Exit

> 0
Bye!
?[1;31m
Start test 4?[0m
Choose your action:
1) Add income
2) Add purchase
3) Show list of purchases
4) Balance
5) Save
6) Load
7) Analyze (Sort)
0) Exit

> 1
Enter income:
> 400
Income was added!

Choose your action:
1) Add income
2) Add purchase
3) Show list of purchases
4) Balance
5) Save
6) Load
7) Analyze (Sort)
0) Exit

> 4
Balance: $400.00

Choose your action:
1) Add income
2) Add purchase
3) Show list of purchases
4) Balance
5) Save
6) Load
7) Analyze (Sort)
0) Exit

> 1
Enter income:
> 200
Income was added!

Choose your action:
1) Add income
2) Add purchase
3) Show list of purchases
4) Balance
5) Save
6) Load
7) Analyze (Sort)
0) Exit

> 4
Balance: $600.00

Choose your action:
1) Add income
2) Add purchase
3) Show list of purchases
4) Balance
5) Save
6) Load
7) Analyze (Sort)
0) Exit

> 0
Bye!
?[1;31m
Start test 5?[0m
Choose your action:
1) Add income
2) Add purchase
3) Show list of purchases
4) Balance
5) Save
6) Load
7) Analyze (Sort)
0) Exit

> 1
Enter income:
> 1000
Income was added!

Choose your action:
1) Add income
2) Add purchase
3) Show list of purchases
4) Balance
5) Save
6) Load
7) Analyze (Sort)
0) Exit

> 2
1) Food
2) Clothes
3) Entertainment
4) Other
5) Back

> 1
Enter purchase name:
> Almond 250g
Enter its price:
> 35.43
Purchase was added!

1) Food
2) Clothes
3) Entertainment
4) Other
5) Back

> 1
Enter purchase name:
> Milk
Enter its price:
> 3.50
Purchase was added!

1) Food
2) Clothes
3) Entertainment
4) Other
5) Back

> 1
Enter purchase name:
> Red Fuji Apple
Enter its price:
> 5.99
Purchase was added!

1) Food
2) Clothes
3) Entertainment
4) Other
5) Back

> 1
Enter purchase name:
> Eggs
Enter its price:
> 3.99
Purchase was added!

1) Food
2) Clothes
3) Entertainment
4) Other
5) Back

> 1
Enter purchase name:
> FIJI Natural Artesian Water
Enter its price:
> 25.98
Purchase was added!

1) Food
2) Clothes
3) Entertainment
4) Other
5) Back

> 1
Enter purchase name:
> Hershey's milk chocolate bars
Enter its price:
> 8.54
Purchase was added!

1) Food
2) Clothes
3) Entertainment
4) Other
5) Back

> 1
Enter purchase name:
> Great Value Broccoli Florets
Enter its price:
> 1.00
Purchase was added!

1) Food
2) Clothes
3) Entertainment
4) Other
5) Back

> 1
Enter purchase name:
> Keystone Ground Bee
Enter its price:
> 6.28
Purchase was added!

1) Food
2) Clothes
3) Entertainment
4) Other
5) Back

> 2
Enter purchase name:
> Gildan LT
Enter its price:
> 8.61
Purchase was added!

1) Food
2) Clothes
3) Entertainment
4) Other
5) Back

> 2
Enter purchase name:
> Men's Dual Defense Crew Socks 12 Pairs
Enter its price:
> 13.00
Purchase was added!

1) Food
2) Clothes
3) Entertainment
4) Other
5) Back

> 2
Enter purchase name:
> Wrangler Men's Stretch Cargo Pant
Enter its price:
> 19.97
Purchase was added!

1) Food
2) Clothes
3) Entertainment
4) Other
5) Back

> 3
Enter purchase name:
> LEGO DUPLO Town Farm Animals
Enter its price:
> 10.10
Purchase was added!

1) Food
2) Clothes
3) Entertainment
4) Other
5) Back

> 3
Enter purchase name:
> Cinema
Enter its price:
> 8.73
Purchase was added!

1) Food
2) Clothes
3) Entertainment
4) Other
5) Back

> 3
Enter purchase name:
> Skate rental
Enter its price:
> 30
Purchase was added!

1) Food
2) Clothes
3) Entertainment
4) Other
5) Back

> 4
Enter purchase name:
> Sensodyne Pronamel Toothpaste
Enter its price:
> 19.74
Purchase was added!

1) Food
2) Clothes
3) Entertainment
4) Other
5) Back

> 4
Enter purchase name:
> Chick-fil-A $10 Gift Card
Enter its price:
> 10
Purchase was added!

1) Food
2) Clothes
3) Entertainment
4) Other
5) Back

> 5
Choose your action:
1) Add income
2) Add purchase
3) Show list of purchases
4) Balance
5) Save
6) Load
7) Analyze (Sort)
0) Exit

> 5
Purchases were saved!

Choose your action:
1) Add income
2) Add purchase
3) Show list of purchases
4) Balance
5) Save
6) Load
7) Analyze (Sort)
0) Exit

> 0
Bye!
?[1;31m
Start test 6?[0m
Choose your action:
1) Add income
2) Add purchase
3) Show list of purchases
4) Balance
5) Save
6) Load
7) Analyze (Sort)
0) Exit

> 6
Purchases were loaded!

Choose your action:
1) Add income
2) Add purchase
3) Show list of purchases
4) Balance
5) Save
6) Load
7) Analyze (Sort)
0) Exit

> 4
Balance: $789.14

Choose your action:
1) Add income
2) Add purchase
3) Show list of purchases
4) Balance
5) Save
6) Load
7) Analyze (Sort)
0) Exit

> 3
1) Food
2) Clothes
3) Entertainment
4) Other
5) All
6) Back

> 5
Almond 250g $35.43
Milk $3.50
Red Fuji Apple $5.99
Eggs $3.99
FIJI Natural Artesian Water $25.98
Hershey's milk chocolate bars $8.54
Great Value Broccoli Florets $1.00
Keystone Ground Bee $6.28
Gildan LT $8.61
Men's Dual Defense Crew Socks 12 Pairs $13.00
Wrangler Men's Stretch Cargo Pant $19.97
LEGO DUPLO Town Farm Animals $10.10
Cinema $8.73
Skate rental $30.00
Sensodyne Pronamel Toothpaste $19.74
Chick-fil-A $10 Gift Card $10.00
Total sum: $210.86

1) Food
2) Clothes
3) Entertainment
4) Other
5) All
6) Back

> 1
Almond 250g $35.43
Milk $3.50
Red Fuji Apple $5.99
Eggs $3.99
FIJI Natural Artesian Water $25.98
Hershey's milk chocolate bars $8.54
Great Value Broccoli Florets $1.00
Keystone Ground Bee $6.28
Total sum: $90.71

1) Food
2) Clothes
3) Entertainment
4) Other
5) All
6) Back

> 6
Choose your action:
1) Add income
2) Add purchase
3) Show list of purchases
4) Balance
5) Save
6) Load
7) Analyze (Sort)
0) Exit

> 0
Bye!
]]></system-out>
  <system-err><![CDATA[]]></system-err>
</testsuite>
